{"/Users/loonymax/Desktop/space/src/const.ts": {"path":"/Users/loonymax/Desktop/space/src/const.ts","statementMap":{"0":{"start":{"line":1,"column":24},"end":{"line":1,"column":53}},"1":{"start":{"line":3,"column":23},"end":{"line":6,"column":1}},"2":{"start":{"line":8,"column":29},"end":{"line":8,"column":51}}},"fnMap":{},"branchMap":{},"s":{"0":3,"1":3,"2":3},"f":{},"b":{},"_coverageSchema":"1a1c01bbd47fc00a2c39e90264f33305004495a9","hash":"1f6f76d34da736dc28907e0ecd7029acfe8c61f3"}
,"/Users/loonymax/Desktop/space/src/components/sorting/sorting.tsx": {"path":"/Users/loonymax/Desktop/space/src/components/sorting/sorting.tsx","statementMap":{"0":{"start":{"line":7,"column":19},"end":{"line":7,"column":35}},"1":{"start":{"line":9,"column":30},"end":{"line":11,"column":3}},"2":{"start":{"line":10,"column":4},"end":{"line":10,"column":47}},"3":{"start":{"line":13,"column":2},"end":{"line":19,"column":3}},"4":{"start":{"line":16,"column":38},"end":{"line":16,"column":74}}},"fnMap":{"0":{"name":"Sorting","decl":{"start":{"line":6,"column":16},"end":{"line":6,"column":23}},"loc":{"start":{"line":6,"column":26},"end":{"line":20,"column":1}},"line":6},"1":{"name":"(anonymous_1)","decl":{"start":{"line":9,"column":30},"end":{"line":9,"column":31}},"loc":{"start":{"line":9,"column":73},"end":{"line":11,"column":3}},"line":9},"2":{"name":"(anonymous_2)","decl":{"start":{"line":16,"column":27},"end":{"line":16,"column":28}},"loc":{"start":{"line":16,"column":38},"end":{"line":16,"column":74}},"line":16}},"branchMap":{},"s":{"0":1,"1":1,"2":0,"3":1,"4":2},"f":{"0":1,"1":0,"2":2},"b":{},"_coverageSchema":"1a1c01bbd47fc00a2c39e90264f33305004495a9","hash":"2bbcf3e1dbc2404489446f2a3fe942d0572bcbb6"}
,"/Users/loonymax/Desktop/space/src/hooks/redux.ts": {"path":"/Users/loonymax/Desktop/space/src/hooks/redux.ts","statementMap":{"0":{"start":{"line":4,"column":30},"end":{"line":4,"column":62}},"1":{"start":{"line":4,"column":36},"end":{"line":4,"column":62}},"2":{"start":{"line":5,"column":63},"end":{"line":5,"column":74}}},"fnMap":{"0":{"name":"(anonymous_0)","decl":{"start":{"line":4,"column":30},"end":{"line":4,"column":31}},"loc":{"start":{"line":4,"column":36},"end":{"line":4,"column":62}},"line":4}},"branchMap":{},"s":{"0":1,"1":1,"2":1},"f":{"0":1},"b":{},"_coverageSchema":"1a1c01bbd47fc00a2c39e90264f33305004495a9","hash":"322ef1c15fc6039e260c57ec8f6fd025926efb91"}
,"/Users/loonymax/Desktop/space/src/mocks/launches-list-mock.ts": {"path":"/Users/loonymax/Desktop/space/src/mocks/launches-list-mock.ts","statementMap":{"0":{"start":{"line":4,"column":30},"end":{"line":63,"column":2}},"1":{"start":{"line":4,"column":48},"end":{"line":63,"column":1}},"2":{"start":{"line":18,"column":53},"end":{"line":18,"column":70}},"3":{"start":{"line":19,"column":56},"end":{"line":19,"column":73}},"4":{"start":{"line":34,"column":52},"end":{"line":34,"column":69}},"5":{"start":{"line":36,"column":48},"end":{"line":36,"column":65}},"6":{"start":{"line":37,"column":49},"end":{"line":37,"column":66}},"7":{"start":{"line":38,"column":52},"end":{"line":38,"column":69}},"8":{"start":{"line":39,"column":52},"end":{"line":39,"column":69}},"9":{"start":{"line":65,"column":32},"end":{"line":68,"column":1}},"10":{"start":{"line":66,"column":17},"end":{"line":66,"column":71}},"11":{"start":{"line":66,"column":54},"end":{"line":66,"column":70}},"12":{"start":{"line":67,"column":2},"end":{"line":67,"column":16}}},"fnMap":{"0":{"name":"(anonymous_0)","decl":{"start":{"line":4,"column":30},"end":{"line":4,"column":31}},"loc":{"start":{"line":4,"column":48},"end":{"line":63,"column":1}},"line":4},"1":{"name":"(anonymous_1)","decl":{"start":{"line":18,"column":47},"end":{"line":18,"column":48}},"loc":{"start":{"line":18,"column":53},"end":{"line":18,"column":70}},"line":18},"2":{"name":"(anonymous_2)","decl":{"start":{"line":19,"column":50},"end":{"line":19,"column":51}},"loc":{"start":{"line":19,"column":56},"end":{"line":19,"column":73}},"line":19},"3":{"name":"(anonymous_3)","decl":{"start":{"line":34,"column":46},"end":{"line":34,"column":47}},"loc":{"start":{"line":34,"column":52},"end":{"line":34,"column":69}},"line":34},"4":{"name":"(anonymous_4)","decl":{"start":{"line":36,"column":42},"end":{"line":36,"column":43}},"loc":{"start":{"line":36,"column":48},"end":{"line":36,"column":65}},"line":36},"5":{"name":"(anonymous_5)","decl":{"start":{"line":37,"column":43},"end":{"line":37,"column":44}},"loc":{"start":{"line":37,"column":49},"end":{"line":37,"column":66}},"line":37},"6":{"name":"(anonymous_6)","decl":{"start":{"line":38,"column":46},"end":{"line":38,"column":47}},"loc":{"start":{"line":38,"column":52},"end":{"line":38,"column":69}},"line":38},"7":{"name":"(anonymous_7)","decl":{"start":{"line":39,"column":46},"end":{"line":39,"column":47}},"loc":{"start":{"line":39,"column":52},"end":{"line":39,"column":69}},"line":39},"8":{"name":"(anonymous_8)","decl":{"start":{"line":65,"column":32},"end":{"line":65,"column":33}},"loc":{"start":{"line":65,"column":50},"end":{"line":68,"column":1}},"line":65},"9":{"name":"(anonymous_9)","decl":{"start":{"line":66,"column":48},"end":{"line":66,"column":49}},"loc":{"start":{"line":66,"column":54},"end":{"line":66,"column":70}},"line":66}},"branchMap":{"0":{"loc":{"start":{"line":65,"column":33},"end":{"line":65,"column":45}},"type":"default-arg","locations":[{"start":{"line":65,"column":42},"end":{"line":65,"column":45}}],"line":65}},"s":{"0":2,"1":15,"2":0,"3":0,"4":0,"5":0,"6":0,"7":0,"8":0,"9":2,"10":2,"11":15,"12":2},"f":{"0":15,"1":0,"2":0,"3":0,"4":0,"5":0,"6":0,"7":0,"8":2,"9":15},"b":{"0":[0]},"_coverageSchema":"1a1c01bbd47fc00a2c39e90264f33305004495a9","hash":"72b802344188e89593329e1deb9e249036ed74d6"}
,"/Users/loonymax/Desktop/space/src/services/axios.ts": {"path":"/Users/loonymax/Desktop/space/src/services/axios.ts","statementMap":{"0":{"start":{"line":6,"column":24},"end":{"line":6,"column":28}},"1":{"start":{"line":8,"column":51},"end":{"line":12,"column":1}},"2":{"start":{"line":14,"column":27},"end":{"line":14,"column":92}},"3":{"start":{"line":14,"column":56},"end":{"line":14,"column":92}},"4":{"start":{"line":16,"column":25},"end":{"line":32,"column":1}},"5":{"start":{"line":17,"column":14},"end":{"line":20,"column":4}},"6":{"start":{"line":22,"column":2},"end":{"line":30,"column":4}},"7":{"start":{"line":23,"column":18},"end":{"line":23,"column":26}},"8":{"start":{"line":25,"column":6},"end":{"line":27,"column":7}},"9":{"start":{"line":26,"column":8},"end":{"line":26,"column":46}},"10":{"start":{"line":28,"column":6},"end":{"line":28,"column":18}},"11":{"start":{"line":31,"column":2},"end":{"line":31,"column":13}}},"fnMap":{"0":{"name":"(anonymous_0)","decl":{"start":{"line":14,"column":27},"end":{"line":14,"column":28}},"loc":{"start":{"line":14,"column":56},"end":{"line":14,"column":92}},"line":14},"1":{"name":"(anonymous_1)","decl":{"start":{"line":16,"column":25},"end":{"line":16,"column":26}},"loc":{"start":{"line":16,"column":46},"end":{"line":32,"column":1}},"line":16},"2":{"name":"(anonymous_2)","decl":{"start":{"line":23,"column":4},"end":{"line":23,"column":5}},"loc":{"start":{"line":23,"column":18},"end":{"line":23,"column":26}},"line":23},"3":{"name":"(anonymous_3)","decl":{"start":{"line":24,"column":4},"end":{"line":24,"column":5}},"loc":{"start":{"line":24,"column":46},"end":{"line":29,"column":5}},"line":24}},"branchMap":{"0":{"loc":{"start":{"line":25,"column":6},"end":{"line":27,"column":7}},"type":"if","locations":[{"start":{"line":25,"column":6},"end":{"line":27,"column":7}},{"start":{},"end":{}}],"line":25},"1":{"loc":{"start":{"line":25,"column":10},"end":{"line":25,"column":62}},"type":"binary-expr","locations":[{"start":{"line":25,"column":10},"end":{"line":25,"column":24}},{"start":{"line":25,"column":28},"end":{"line":25,"column":62}}],"line":25}},"s":{"0":1,"1":1,"2":1,"3":1,"4":1,"5":1,"6":1,"7":1,"8":1,"9":1,"10":1,"11":1},"f":{"0":1,"1":1,"2":1,"3":1},"b":{"0":[1,0],"1":[1,1]},"_coverageSchema":"1a1c01bbd47fc00a2c39e90264f33305004495a9","hash":"2a0a3f2ab35fea071d01638d22d3dbb372c87e9f"}
,"/Users/loonymax/Desktop/space/src/store/reducer/api-actions.ts": {"path":"/Users/loonymax/Desktop/space/src/store/reducer/api-actions.ts","statementMap":{"0":{"start":{"line":5,"column":35},"end":{"line":12,"column":2}},"1":{"start":{"line":10,"column":19},"end":{"line":10,"column":60}},"2":{"start":{"line":11,"column":2},"end":{"line":11,"column":14}}},"fnMap":{"0":{"name":"(anonymous_0)","decl":{"start":{"line":9,"column":22},"end":{"line":9,"column":23}},"loc":{"start":{"line":9,"column":54},"end":{"line":12,"column":1}},"line":9}},"branchMap":{},"s":{"0":3,"1":2,"2":1},"f":{"0":2},"b":{},"_coverageSchema":"1a1c01bbd47fc00a2c39e90264f33305004495a9","hash":"b4642e1a37c4e255d51079ea13568b06d100a64b"}
,"/Users/loonymax/Desktop/space/src/store/reducer/launches-slice.ts": {"path":"/Users/loonymax/Desktop/space/src/store/reducer/launches-slice.ts","statementMap":{"0":{"start":{"line":13,"column":35},"end":{"line":18,"column":1}},"1":{"start":{"line":20,"column":29},"end":{"line":51,"column":2}},"2":{"start":{"line":25,"column":6},"end":{"line":25,"column":37}},"3":{"start":{"line":27,"column":6},"end":{"line":34,"column":7}},"4":{"start":{"line":29,"column":10},"end":{"line":29,"column":71}},"5":{"start":{"line":29,"column":44},"end":{"line":29,"column":69}},"6":{"start":{"line":30,"column":10},"end":{"line":30,"column":16}},"7":{"start":{"line":32,"column":10},"end":{"line":32,"column":71}},"8":{"start":{"line":32,"column":44},"end":{"line":32,"column":69}},"9":{"start":{"line":33,"column":10},"end":{"line":33,"column":16}},"10":{"start":{"line":38,"column":4},"end":{"line":49,"column":8}},"11":{"start":{"line":40,"column":8},"end":{"line":40,"column":31}},"12":{"start":{"line":43,"column":8},"end":{"line":43,"column":44}},"13":{"start":{"line":44,"column":8},"end":{"line":44,"column":170}},"14":{"start":{"line":44,"column":67},"end":{"line":44,"column":158}},"15":{"start":{"line":45,"column":8},"end":{"line":45,"column":32}},"16":{"start":{"line":48,"column":8},"end":{"line":48,"column":32}},"17":{"start":{"line":54,"column":31},"end":{"line":54,"column":52}}},"fnMap":{"0":{"name":"(anonymous_0)","decl":{"start":{"line":24,"column":19},"end":{"line":24,"column":20}},"loc":{"start":{"line":24,"column":61},"end":{"line":35,"column":5}},"line":24},"1":{"name":"(anonymous_1)","decl":{"start":{"line":29,"column":34},"end":{"line":29,"column":35}},"loc":{"start":{"line":29,"column":44},"end":{"line":29,"column":69}},"line":29},"2":{"name":"(anonymous_2)","decl":{"start":{"line":32,"column":34},"end":{"line":32,"column":35}},"loc":{"start":{"line":32,"column":44},"end":{"line":32,"column":69}},"line":32},"3":{"name":"(anonymous_3)","decl":{"start":{"line":37,"column":2},"end":{"line":37,"column":3}},"loc":{"start":{"line":37,"column":25},"end":{"line":50,"column":3}},"line":37},"4":{"name":"(anonymous_4)","decl":{"start":{"line":39,"column":44},"end":{"line":39,"column":45}},"loc":{"start":{"line":39,"column":55},"end":{"line":41,"column":7}},"line":39},"5":{"name":"(anonymous_5)","decl":{"start":{"line":42,"column":46},"end":{"line":42,"column":47}},"loc":{"start":{"line":42,"column":65},"end":{"line":46,"column":7}},"line":42},"6":{"name":"(anonymous_6)","decl":{"start":{"line":44,"column":55},"end":{"line":44,"column":56}},"loc":{"start":{"line":44,"column":67},"end":{"line":44,"column":158}},"line":44},"7":{"name":"(anonymous_7)","decl":{"start":{"line":47,"column":45},"end":{"line":47,"column":46}},"loc":{"start":{"line":47,"column":56},"end":{"line":49,"column":7}},"line":47}},"branchMap":{"0":{"loc":{"start":{"line":27,"column":6},"end":{"line":34,"column":7}},"type":"switch","locations":[{"start":{"line":28,"column":8},"end":{"line":30,"column":16}},{"start":{"line":31,"column":8},"end":{"line":33,"column":16}}],"line":27},"1":{"loc":{"start":{"line":44,"column":67},"end":{"line":44,"column":158}},"type":"binary-expr","locations":[{"start":{"line":44,"column":67},"end":{"line":44,"column":90}},{"start":{"line":44,"column":94},"end":{"line":44,"column":124}},{"start":{"line":44,"column":128},"end":{"line":44,"column":158}}],"line":44}},"s":{"0":2,"1":2,"2":2,"3":2,"4":1,"5":4,"6":1,"7":1,"8":8,"9":1,"10":1,"11":1,"12":1,"13":1,"14":5,"15":1,"16":1,"17":2},"f":{"0":2,"1":4,"2":8,"3":1,"4":1,"5":1,"6":5,"7":1},"b":{"0":[1,1],"1":[5,2,1]},"_coverageSchema":"1a1c01bbd47fc00a2c39e90264f33305004495a9","hash":"249db1d96affce248757ce2f499a8e3547e76709"}
}
